<?xml version="1.0" encoding="UTF-8"?>
<!-- Generated by org.testng.reporters.JUnitReportReporter -->
<testsuite skipped="0" hostname="ACER-PC" name="postauto.CreateInc" tests="2" failures="0" timestamp="2021-08-29T23:33:48 IST" time="18.176" errors="0">
  <testcase name="createNewInc" time="9.088" classname="postauto.CreateInc"/>
  <system-out/>
  <testcase name="createNewInc" time="9.088" classname="postauto.CreateInc"/>
  <system-out/>
</testsuite> <!-- postauto.CreateInc -->
