<?xml version="1.0" encoding="UTF-8"?>
<!-- Generated by org.testng.reporters.JUnitReportReporter -->
<testsuite skipped="0" hostname="ACER-PC" name="postauto.GetInc" tests="1" failures="0" timestamp="2021-08-27T16:13:28 IST" time="10.476" errors="0">
  <testcase name="getTheInc" time="10.476" classname="postauto.GetInc"/>
  <system-out/>
</testsuite> <!-- postauto.GetInc -->
