<?xml version="1.0" encoding="UTF-8"?>
<!-- Generated by org.testng.reporters.JUnitReportReporter -->
<testsuite skipped="0" hostname="ACER-PC" name="postauto.UpdateInc" tests="1" failures="0" timestamp="2021-08-29T23:46:52 IST" time="13.788" errors="0">
  <testcase name="updateInc" time="13.788" classname="postauto.UpdateInc"/>
  <system-out/>
</testsuite> <!-- postauto.UpdateInc -->
