<?xml version="1.0" encoding="UTF-8"?>
<!-- Generated by org.testng.reporters.JUnitReportReporter -->
<testsuite skipped="0" hostname="ACER-PC" name="postauto.DeleteInc" tests="1" failures="0" timestamp="2021-08-29T23:40:00 IST" time="8.833" errors="0">
  <testcase name="deleteInc" time="8.833" classname="postauto.DeleteInc"/>
  <system-out/>
</testsuite> <!-- postauto.DeleteInc -->
